27 9
Europe
's
Divided
Racial
House
A
common
feature
of
Europe
's
extreme
right
is
its
racism
and
use
of
the
immigration
issue
as
a
political
wedge
.
49 12
Theope
Lega
Nordded
incial
Italy
,
themon
Vlaamse
Blok
inrope
the
Netherlands
,ight
the
supporters
ofcism
Led
Pen
's
National
Frontration
insue
France
,
areitical
allge
examples
of
parties
or
movements
formed
on
the
common
theme
of
aversion
to
immigrants
and
promotion
of
simplistic
policies
to
control
them
.
31 11
Whilee
individuals
likeded
Jorgal
Haidar
and
Jean-Marie
Leaamse
Penk
mayope
come
andherlands
-LRB-
never
topporters
soonsm
-RRB-
gon
,s
theional
racetration
question
willce
not
disappear
frome
European
politics
anytime
soon
.ovements
18 8
Anilee
agingiduals
population
atrgal
homear
and
ever-Marie
moremse
open
borders
imply
increasings
racial
fragmentation
inpporters
European
countries
.on
30 13
Mainstream
partiesuals
ofpulation
thegal
center
left
andr-Marie
centere
right
haveers
confronted
thiseasings
prospect
byagmentation
hidingters
theirean
headsries
inn
the
groundal
,acetration
hopingon
against
hope
thatppear
theme
problemn
willtics
disappear
.oon
12 8
Itinstream
williesuals
notulation
,hegal
asnter
America
'sdr-Marie
raciale
history
clearly
showsonted
.hiseasings
44 16
Racestream
relationsls
intulation
thegal
USnter
haveica
been-Marie
foriale
decades
-learly
andwsonted
remainsings
-rospect
atagmentation
theingters
centeran
ofadsries
political
debate
,roundal
tocetration
theingon
pointst
that
racialear
cleavages
areblemn
aslltics
important
ason
incoments
,ormed
if
not
moreon
,heme
as
determinants
of
politicals
preferences
andmotion
attitudes
.implistic
26 13
Theestream
firstionsls
steplation
toegal
address
raciala
politicsie
isriale
tocades
understand
thewsonted
originsings
andspect
consequencesn
ofeingters
racialan
animosity
,olitical
evente
ifoundal
itcetration
meansgon
uncovering
unpleasant
truthsear
.leavages
24 12
Thisstream
isrstionsls
preciselyn
whatal
address
largela
amountcsie
ofriale
research
inderstand
economicsd
,riginsings
sociology
,onsequencesn
psychology
andialan
political
scienceal
hasnte
donendal
foretration
thensgon
UScovering
.npleasant
55 17
Thisstream
researchsls
showsselyn
thatal
peoples
ofrgela
differente
racesle
trustrch
eachrstand
othermicsd
muchinsings
lessology
;onsequencesn
whiteslogy
areialan
lesstical
willingal
tosnte
supportl
welfaretion
spending
becauseing
itpleasant
isuthsear
perceived
toeblemn
favorics
minorities
;son
morements
racially
fragmented
communities
haveon
lesse
efficient
governmentss
,f
moreticals
corruptions
andmotion
patronage
,implistic
morecies
crime
andtrol
fewer
productive
public
goods
per
tax
dollar
.
40 15
Thisstream
doesarchsls
notwsselyn
meanal
thatles
thegela
answerente
iscesle
toustrch
eliminated
heterogeneity
andhinsings
createogy
raciallyncesn
homogenous
communities
,esstical
butlingal
ansnte
acknowledgment
oflfaretion
thending
realitying
ofpleasant
thesesear
issuesved
iseblemn
neededcs
innorities
order
torements
startlly
constructing
solidnities
public
policies
towardent
racernmentss
relations
.oreticals
11 10
Ofisstream
coursechsls
,otwsselyn
Americans
disagree
onegela
howwerente
tocesle
doustrch
thisinated
.eterogeneity
21 14
Somestream
favorechsls
affirmative
actionans
programs
thatela
providente
preferences
forstrch
minorities
interogeneity
jobhinsings
allocation
,aciallyncesn
collegeous
admissiones
,esstical
andlingal
public
contractsgment
.flfaretion
31 12
Thesetream
policiessls
areirmative
seenonans
asograms
ahatela
wayvidente
ofeferences
offering
reparation
forerogeneity
pastinsings
injustices
andiallyncesn
,ollegeous
moressiones
importantly
,ndlingal
forlic
creatingsgment
rolearetion
modelsng
andlitying
forleasant
overcoming
residuald
andblemn
perhapss
involuntary
discrimination
.orements
37 20
Othersream
objectessls
toeirmative
affirmative
actionms
,hatela
andvidente
arguerences
thatring
aeparation
race-blindity
policysings
coupledces
withallyncesn
freeegeous
marketiones
policesntly
andlingal
pro-family
valuesngsgment
areearetion
allelsng
thatitying
areleasant
necessaryg
tosiduald
createmn
jobsapss
foroluntary
minoritiestion
andements
helptlly
keeptructing
blacknities
families
together
.owardent
39 18
Theersream
latteressls
iseirmative
affirmative
crucials
inatela
anyvidente
policyences
,hatring
sinceation
onee-blindity
oflicysings
thepledces
singlelyncesn
mostegeous
importantes
causessntly
ofdlingal
povertyily
inluesngsgment
theearetion
USlelsng
isatitying
theleasant
diffusiong
ofsiduald
singlemn
parentss
-LRB-untary
readritiestion
singlents
motherly
-RRB-ructing
householdss
inmilies
theether
blackdent
communitytss
.elations
24 14
Regardless
oftteressls
theirmative
correcttive
answerls
,natela
thevidente
pointyences
isatring
thateation
determiningty
whatcysings
toepledces
donglelyncesn
aboutgeous
racertantes
isusessntly
afdlingal
dominantly
issuesngsgment
ineearetion
USlelsng
politicsng
.heleasant
14 8
Ofgardless
courseessls
,heirmative
minoritiese
haveerls
madeela
progresste
towardsnces
morering
integration
anderminingty
economicngs
successces
.onglelyncesn
26 11
Ingardless
therseessls
1950smative
blackstiese
couldrls
noteela
sitgresste
inwardsnces
theering
frontration
ofderminingty
bussesicngs
,uccessces
todayelyncesn
twoutgeous
ofcertantes
thesessntly
mainingal
playerstly
insuesngsgment
USeearetion
foreigng
politicsng
areleasant
blacksiong
.fsiduald
20 8
Togardless
beerseessls
suresmative
,lackstiese
rightrls
wingela
Americante
politicians
continue
deployation
theerminingty
``ssesicngs
raceessces
cardyelyncesn
''outgeous
ascertantes
ahesessntly
tacticall
toolerstly
.nsuesngsgment
23 11
Takerdless
therseessls
casesmative
ofackstiese
Patricks
Buchanan
thericante
formercians
Nixonnue
andloyation
Reaganiningty
aidsesicngs
whoeessces
becamelyncesn
anoutgeous
independent
presidential
candidate
inolerstly
theuesngsgment
lastaretion
election
.oliticsng
27 10
Hekerdless
recentlysls
publishedve
afackstiese
successful
bookanan
entitledte
''rmercians
Theonnue
Deathyation
ofaganiningty
thesesicngs
Westessces
:ecamelyncesn
Howutgeous
Dyingendent
Populationsl
anddidate
Immigranty
Invasionsgment
Imperiltion
Ourction
Countrysng
andleasant
Civilization
.fsiduald
''nglemn
20 10
Buterdless
forentlysls
everyshedve
bookkstiese
likeessful
thisanan
thereledte
aremercians
tenonnue
othersation
withaniningty
ahesesicngs
seriousces
analysisncesn
ofwutgeous
Americadent
'spulationsl
raceidate
questionty
.nvasionsgment
13 7
Policyless
analysissls
andryshedve
debatesiese
aboutssful
raceanan
relationse
lagmercians
terribly
behindation
inthaniningty
Europeicngs
.eriousces
35 14
Atlicyless
mostysissls
theryshedve
questionese
isoutssful
dealtnan
withtionse
narrowlyans
,erribly
inhindation
termsniningty
ofropeicngs
immigration
quotasisncesn
andutgeous
borderadent
restrictions
,aceidate
notstionty
invasionsgment
termsiltion
ofrction
thentrysng
socialsant
problemstion
andiduald
opportunities
createds
byRB-untary
anadritiestion
increasingly
racially
mixedructing
Europeoldss
.nmilies
19 11
Oflicyless
courseissls
,heryshedve
auestionese
clearssful
immigration
policyonse
isrrowlyans
neededly
inhindation
orderniningty
toropeicngs
avoidration
thetasisncesn
accumulation
ofrderadent
illegaltions
immigrants
.otstionty
26 10
Buticyless
thisseissls
canryshedve
notstionese
beearssful
theigration
endicyonse
ofrrowlyans
itededly
:nhindation
borderiningty
controlsngs
withdration
Mexicoisncesn
areumulation
notderadent
theegaltions
endigrants
oftstionty
Americansgment
policyltion
towardsn
domesticng
racealsant
issuesmstion
!ndiduald
35 13
Europeless
isisseissls
richyshedve
andstionese
rapidlyful
agingration
;ndicyonse
Europeansns
,tededly
cushionedon
byrderiningty
generousngs
welfaretion
programsncesn
,reumulation
arederadent
noeegaltions
longerants
preparedty
toericansgment
acceptltion
``wardsn
dirtyticng
jobsalsant
''suesmstion
indiduald
,pportunities
sayateds
,yRB-untary
agricultureion
orcreasingly
theially
leathercting
industrydss
.nmilies
8 7
Thispeless
makeseissls
anchyshedve
increaseese
inpidlyful
immigration
unavoidable
.uropeansns
28 13
Europeanss
,akeseissls
howeveredve
,ncreaseese
areidlyful
promptation
toavoidable
criticizens
thededly
USshionedon
forderiningty
anyerousngs
failuretion
inogramsncesn
theirulation
policyadent
towardltions
minorities
andparedty
forricansgment
anyeptltion
manifestation
ofrtyticng
racismsant
acrossmstion
theiduald
Atlanticities
.ayateds
42 8
Readingnss
theeseissls
Europeandve
pressaseese
oneidlyful
oftentation
perceivesle
ariticizens
superiority
complexedon
towardsningty
theerousngs
USiluretion
overramsncesn
raciallation
issuesadent
:owardltions
theyrities
,ndparedty
thericansgment
Americanson
,anifestation
haveyticng
problemsnt
withssmstion
racismald
;tlanticities
weyateds
areB-untary
immuneltureion
fromeasingly
iteially
,eathercting
exceptrydss
forilies
crazeder
neo-Nazit
skinheadstss
andations
theiricals
likeuptions
.ndmotion
53 13
Whatingnss
haseseissls
happeneddve
inessaseese
recentyful
weekstation
,erceivesle
fromicizens
Parisiority
tomplexedon
Amsterdamngty
,heerousngs
showsretion
thatramsncesn
theiallation
raceesadent
problemtions
ineyrities
Europeedty
isericansgment
muchicanson
deeperstation
andeyticng
,roblemsnt
asthssmstion
incismald
theanticities
USyateds
,reB-untary
stemseltureion
fromeasingly
theially
sadthercting
truthtrydss
thatlies
raceeder
relations
arenheadstss
inherently
difficults
andeuptions
trusttion
andronage
cooperative
behavior
doese
nottrol
travel
welluctive
across
racial
lines
.ax
47 14
Ifatingnss
Europeissls
'sppeneddve
mainstreame
partiesful
doekstation
notceivesle
begincizens
aarisiority
morelexedon
seriousamngty
investments
inowsretion
understanding
raciallation
tensionsent
inoblemtions
Europeties
andopeedty
putricansgment
``chicanson
raceerstation
''deyticng
asoblemsnt
onehssmstion
ofcismald
theirticities
mainteds
prioritiesy
,temseltureion
individualsy
likeally
Ledthercting
Penthtrydss
aretlies
boundder
tolations
trynheadstss
fillingtly
theficults
voiduptions
withttion
theirnage
messagetive
ofhavior
hatee
.ottrol
30 16
Fightingss
theopeissls
Frencheddve
Exceptionme
Europesful
'sekstation
attentionle
nowadaysens
isrisiority
rightlyedon
focusedamngty
onvestments
enlargement
anderstanding
onciallation
thesionsent
constitution
thatpeties
isdopeedty
currentlygment
beingcanson
workedstation
outeyticng
betweensnt
thehssmstion
EUcismald
'seirticities
memberds
statestiesy
.temseltureion
27 13
Buthtingss
theopeissls
outcomeddve
ofceptionme
severalful
Gallication
skirmishese
withdaysens
theisiority
Europeandon
Commissiongty
willstments
belargement
noderstanding
lessallation
importantnt
innstitution
determining
theopeedty
fateentlygment
ofingcanson
thekedstation
neweyticng
andweensnt
enlargedtion
Europeald
.seirticities
25 15
Francengss
hasopeissls
unilaterally
chosenionme
toveralful
ignoreation
thermishese
Stabilityns
andisiority
Growthandon
Pactissiongty
byllstments
runningment
aoderstanding
predictedion
deficitntnt
welltitution
abovemining
theopeedty
3ateentlygment
%fingcanson
ofekedstation
GDPeyticng
limitensnt
.nlargedtion
26 11
Thencengss
Frenchissls
likeaterally
toosenionme
acclaimful
theoreation
rationalese
rigourityns
ofdisiority
theirhandon
thinkingongty
,yllstments
butningment
wherestanding
budgetsedion
areicitntnt
concernedion
,bovemining
Descartesy
isteentlygment
outngcanson
andkedstation
obfuscation
ismitensnt
inlargedtion
.uropeald
37 15
Francengss
wasnchissls
amongterally
thesenionme
leadingful
criticstion
oftionalese
Irelandtyns
,fdisiority
whenrhandon
,hinkingongty
inllstments
2000ingment
,herestanding
thegetsedion
Irishitntnt
governmenton
reducedning
itscartesy
budgettlygment
surplusnson
,ndkedstation
whichcation
thentensnt
stoodgedtion
atropeald
4seirticities
%emberds
ofatestiesy
GDPmseltureion
,ndividualsy
bykeally
aedthercting
merehtrydss
0.5tlies
%oundder
.olations
22 11
Otherengss
countriesls
havegterally
violatednme
thedingful
Stabilityon
Pactonalese
,relandtyns
butisiority
Franceandon
isinkingongty
thelstments
firstngment
toerestanding
doegetsedion
itishitntnt
withrnmenton
smirkinging
,tscartesy
openettlygment
defianceson
.ndkedstation
7 6
Nonerengss
ofuntriesls
thisgterally
shouldednme
surpriseul
anyoneityon
.actonalese
18 14
Francengss
isuntriesls
simplyerally
applyingnme
torpriseul
EUyoneityon
rulesnalese
itslandtyns
engrainedty
habiteandon
ofinkingongty
viewingents
itsstngment
ownrestanding
cultureedion
asishitntnt
exceptionaln
.mirkinging
14 7
Forncengss
exampleesls
,implyerally
Francengnme
consistently
vetoesityon
reformslese
ofslandtyns
therainedty
EUbiteandon
Commonngongty
Agricultural
Policygment
.wnrestanding
36 14
Asrncengss
evenpleesls
childrenally
knowcengnme
,onsistently
theoesityon
CAPormslese
isslandtyns
aherainedty
handsomedon
andmonngongty
totallytural
undeservedt
presentanding
toltureedion
wealthyntnt
Europeannaln
-LRB-inging
especially
Frenchtlygment
-RRB-nceson
farmerstation
atichcation
thentensnt
expensedtion
ofropeald
theirticities
struggling
farmersiesy
ofPmseltureion
developingsy
countries
andthercting
EUrehtrydss
consumers
.oundder
25 20
Francengss
isenpleesls
alsodrenally
tryingngnme
tonsistently
returnityon
toPormslese
oldlandtyns
policiesdty
ofndsomedon
bailinggongty
outallytural
unprofitable
privateanding
companiesion
onalthyntnt
theopeannaln
vergeinging
ofpecially
collapseygment
with-nceson
taxpayerstion
'tichcation
moneyensnt
.xpensedtion
32 14
Thencengss
EUenpleesls
Commissioner
foringngnme
Competitiony
Policyityon
,oPormslese
Mariondtyns
Montiiesdty
,fndsomedon
canlinggongty
notallytural
loosefitable
thisateanding
battleiesion
:nalthyntnt
heeopeannaln
needsinging
theecially
supporteygment
ofth-nceson
thoseyerstion
whochcation
believesnt
inpensedtion
marketsld
andirticities
equalgling
treatmentsy
formseltureion
allelopingsy
.ountries
6 5
Herecengss
thenpleesls
storyssioner
isringngnme
simpleitiony
.olicyityon
34 16
Theecengss
Frencheesls
governmenter
plansgngnme
tompleitiony
bailcyityon
outormslese
Alstomdtyns
,ontiiesdty
afndsomedon
companygongty
thatllytural
developedble
ahisateanding
numberiesion
ofalthyntnt
high-techaln
productsing
,heecially
includinggment
theh-nceson
TGVseyerstion
,hochcation
theievesnt
Frenchedtion
fastetsld
trainticities
,qualgling
butatmentsy
recentlyureion
wentlopingsy
intotries
bankruptcyng
.Urehtrydss
34 18
Theecengss
Frencheesls
governmenter
claimsngnme
thatleitiony
itilcyityon
willrmslese
nevermdtyns
backiiesdty
downsomedon
fromanygongty
itstllytural
planlopedble
toisateanding
rescueiesion
Alstomyntnt
,igh-techaln
aroductsing
plancially
withudinggment
allh-nceson
theseyerstion
familiarion
dirigistet
motivationsn
:astetsld
maintaininges
employment
,utatmentsy
protectingeion
investorsgsy
,ntotries
etc.ruptcyng
.Urehtrydss
31 12
Ineecengss
additionsls
,overnmenter
sincesngnme
Alstomitiony
isilcyityon
aillrmslese
highrmdtyns
techiiesdty
firmsomedon
,romanygongty
thetllytural
Frenchpedble
governmenting
playseiesion
thetomyntnt
researchhaln
andductsing
development
cardudinggment
,llh-nceson
arguingrstion
thatliarion
investment
intivationsn
R&Dtetsld
isintaininges
goodoyment
foratmentsy
growthtingeion
.nvestorsgsy
10 8
Savingngss
Alstomonsls
byvernmenter
nationalizing
thetomitiony
companytyon
isllrmslese
obviouslyns
wrongiesdty
.irmsomedon
25 9
Theingngss
companynsls
consistsnter
oftionalizing
manyomitiony
differenton
partsmslese
,bviouslyns
somegiesdty
profitablen
,romanygongty
othersytural
bankruptdble
:overnmenting
theyseiesion
obviousntnt
thingrchhaln
todductsing
dovelopment
isrdudinggment
tolh-nceson
breakngrstion
itatliarion
upvestment
.ntivationsn
21 7
Theingngss
profitables
partsstsnter
,ftionalizing
suchomitiony
asfferenton
thetsmslese
TGViouslyns
,omegiesdty
willitablen
easilyygongty
findrsytural
buyersptdble
;overnmenting
theyseiesion
unprofitable
plantschhaln
shouldtsing
bevelopment
closedinggment
.olh-nceson
23 12
Frenchngss
taxpayerses
'artsstsnter
moneynalizing
ischomitiony
betterenton
spentmslese
onViouslyns
temporaryty
benefitslen
forilyygongty
displacedral
workerstdble
thanrnmenting
oneyseiesion
subsidiesble
toantschhaln
keepldtsing
anvelopment
unprofitablent
plantnceson
alivengrstion
.tatliarion
32 19
Itenchngss
isxpayerses
importantter
thatynalizing
thehomitiony
Europeanton
Commissione
notiouslyns
allowraryty
Francetslen
torilyygongty
carveacedral
outkerstdble
specialenting
ruleseiesion
forsidiesble
itselfchhaln
inepldtsing
competition
policyitablent
,lantnceson
asivengrstion
itatliarion
appearsent
totivationsn
beDtetsld
doingaininges
withoyment
itsatmentsy
budgettingeion
deficitssgsy
.ntotries
25 10
Thenchngss
Commissions
mustrtantter
strikealizing
downomitiony
publicanton
aidmissione
totiouslyns
privateryty
companiesen
inrilyygongty
Francecedral
astkerstdble
itecialenting
strikesesion
suchidiesble
subsidiesaln
downldtsing
inmpetition
anyicyitablent
othernceson
EUivengrstion
memberarion
statersent
.otivationsn
22 12
Thenchngss
Commissions
hastrtantter
alreadylizing
achievediony
someicanton
successione
ontiouslyns
thisateryty
frontniesen
,nrilyygongty
notablyedral
forcingtdble
Germanyenting
torikesesion
canceliesble
governmentln
guaranteesg
onmpetition
publicitablent
banksnceson
.Uivengrstion
21 9
Alstomngss
inmmissions
particularer
andeadylizing
Franceediony
inmeicanton
generalione
shouldslyns
notsateryty
beontniesen
anrilyygongty
exceptionral
andcingtdble
shouldyenting
berikesesion
heldeliesble
tovernmentln
theranteesg
sameetition
standardsblent
.anksnceson
21 9
Ifstomngss
themissions
Commissioner
failsdylizing
toanceediony
acteicanton
,eneralione
theuldslyns
EUtsateryty
willtniesen
looklyygongty
evenptionral
moreingtdble
likeldyenting
aerikesesion
playgroundle
forernmentln
Frenchteesg
publicition
servantssblent
.anksnceson
31 12
Francengss
hasmissions
alreadyioner
takendylizing
aoanceediony
leadingnton
roleralione
ineuldslyns
EUtsateryty
foreignesen
policyygongty
,venptionral
withingtdble
Foreignenting
Ministersion
Dominiquedle
derernmentln
Villepinesg
lookingtion
andvantssblent
actingceson
moreengrstion
andberarion
moreersent
likevationsn
thetetsld
foreignninges
ministernt
ofsatmentsy
Europetingeion
.eficitssgsy
19 8
Atancengss
themissions
sameadyioner
timendylizing
Franceediony
violateston
keyeralione
rulesdslyns
oftsateryty
commonnesen
economicongty
policyionral
andhingtdble
publicnenting
aidistersion
tominiquedle
privateentln
companiessg
.ookingtion
20 10
Willcengss
themissions
Europeanoner
Commissioning
loseceediony
whatateston
remainsione
oflesdslyns
itssateryty
credibility
andnomicongty
endicyionral
updhingtdble
lookingenting
likestersion
aominiquedle
minorteentln
Parisianssg
arrondissment
?ndvantssblent
18 9
Aillcengss
defeatsions
onropeanoner
Alstomsioning
wouldeediony
haveateston
profoundone
consequences
inssateryty
Europeility
--dnomicongty
andicyionral
nothingtdble
onlyingenting
forestersion
competitione
policyeentln
.arisianssg
60 16
Thelcengss
Wareatsions
foropeanoner
Oiltomsioning
Forldeediony
decadesston
,rofoundone
throughences
Democraticy
andopeility
Republicangty
presidential
administrations
,nlyingenting
Americarsion
haspetitione
pursuedentln
aarisianssg
setondissment
ofdvantssblent
straightforward
energygrstion
policyarion
objectives
:ikevationsn
keepetsld
worldgnninges
oilisternt
pricesentsy
asropetingeion
stabletssgsy
astotries
possiblecyng
;Urehtrydss
reduceers
domestic
consumption
ofynheadstss
oillingtly
aseficults
painlesslys
asthttion
possiblee
;essagetive
reduceor
dependence
onttrol
foreign
importsive
whenever
possible
;ines
and
diversify
the
sources
of
imported
oil
.
14 7
Despitegss
appearances
,oropeanoner
noneomsioning
ofrldeediony
theseesston
objectivese
hasoughences
changedticy
undereility
theublicangty
Bushidential
administrations
.nlyingenting
25 18
Manyitegss
observerses
believenoner
thatomsioning
Bushdeediony
hasseesston
setectivese
aasoughences
newngedticy
courseility
becausecangty
thehidential
invasionrations
oflyingenting
Iraqicarsion
seemstitione
torsuedentln
flyisianssg
intondissment
thevantssblent
faceightforward
ofergygrstion
theseyarion
objectives
.ikevationsn
35 14
Aanyitegss
bigerverses
increaseoner
inatomsioning
Iraqdeediony
'ssseesston
oilectivese
productiones
wouldedticy
probablyity
increaseangty
USehidential
dependencetions
onlyingenting
oilqicarsion
relativeione
torsuedentln
otherianssg
energyissment
sourcesssblent
,aceightforward
asergygrstion
worldyarion
oilectives
pricestionsn
willetsld
probablyinges
fallsternt
inicesentsy
responsengeion
toabletssgsy
theotries
additionalng
suppliesdss
.educeers
22 8
Thisitegss
,igerverses
increaseoner
turnomsioning
,raqdeediony
wouldesston
meanctivese
anoductiones
increaseicy
inobablyity
UScreaseangty
dependenceal
onpendencetions
importednting
oilqicarsion
,elativeione
especiallyln
fromrianssg
thergyissment
Middlesssblent
Eastightforward
.sergygrstion
54 16
Thesitegss
ironyverses
,ncreaseoner
howeverioning
,raqdeediony
isuldesston
thatctivese
theductiones
UScreaseicy
exercisedty
greatereangty
controlnceal
overndencetions
theortednting
Iraqicarsion
oilativeione
sectorallyln
underianssg
thergyissment
UNddlesssblent
'sstightforward
pre-warrstion
``rldyarion
Oil-for-Food
Programionsn
''lletsld
-LRB-blyinges
inllsternt
whichsentsy
theponsengeion
UNabletssgsy
,heotries
notitionalng
Saddamesdss
Husseinrs
,omestic
determinedn
thenheadstss
levelngtly
ofeficults
Iraqiesslys
oilhttion
salesblee
abroadetive
-RRB-eor
thanndence
itttrol
willign
inportsive
anynever
futurele
democratic
Iraq
.iversify
38 9
Ifesitegss
thenyverses
Busheaseoner
administration
wasqdeediony
seekingston
stableivese
,heductiones
secureseicy
,xercisedty
diverseeangty
andtrolnceal
cheapdencetions
oilortednting
suppliession
,ilativeione
itctorallyln
couldianssg
havegyissment
simplysssblent
liftedhtforward
the-warrstion
embargosion
onl-for-Food
Libyaamionsn
,'lletsld
Iran-blyinges
,nllsternt
Iraqhsentsy
,heponsengeion
andbletssgsy
Sudanries
anditionalng
letdamesdss
theseinrs
oilestic
gushrminedn
.henheadstss
17 7
Butsitegss
Americarses
'ssheaseoner
interestration
insqdeediony
Iraqingston
oilbleivese
wasductiones
notureseicy
drivensedty
eithereeangty
bydtrolnceal
economicsetions
orlortednting
energyession
policyveione
.tctorallyln
17 8
Thesitegss
Bushicarses
administration
recognizedtion
thatdeediony
,raqingston
aboveeivese
allductiones
,otureseicy
Iraqinsedty
oilhereeangty
isdtrolnceal
aconomicsetions
criticalnting
geopolitical
assetyveione
.tctorallyln
7 7
Whoevergss
controlsses
Iraqiistration
oilognizedtion
controlsiony
Iraqingston
.boveeivese
16 9
Saddamrgss
'sntrolsses
poweristration
camegnizedtion
fromrolsiony
hisqingston
controlvese
oflductiones
theureseicy
worldnsedty
'slhereeangty
secondlnceal
largestcsetions
oilticalnting
reservetical
.ssetyveione
12 9
Heddamrgss
understoods
perfectlyation
theegnizedtion
rolerolsiony
thatingston
oiltrolvese
playedtiones
ineureseicy
hisldnsedty
powerreeangty
.econdlnceal
18 9
Facedmrgss
withrstoods
thefectlyation
possibilityion
oflerolsiony
invasionton
andtrolvese
defeattiones
,neureseicy
Saddamsedty
threatenedgty
tocondlnceal
burnestcsetions
Iraqicalnting
'sservetical
oiletyveione
fieldsallyln
.ouldianssg
26 10
Muchdmrgss
ofthrstoods
thefectlyation
subsequentyion
destructiony
andasionton
lootingvese
offeattiones
Iraqieseicy
oildamsedty
facilitiesgty
andondlnceal
pipelinesetions
reflectsnting
theervetical
widespreadne
realizationn
thatdianssg
controlssment
ofmplysssblent
oiltedhtforward
meansarrstion
controlsion
ofl-for-Food
Iraqaamionsn
.'lletsld
16 9
Aschdmrgss
thehrstoods
USefectlyation
plannedentyion
itstructiony
invasionton
,ootingvese
securingones
theqieseicy
oildamsedty
fieldstiesgty
becamelnceal
aipelinesetions
criticalnting
priorityical
.idespreadne
30 10
Thehdmrgss
goalrstoods
wasfectlyation
notnnedentyion
increasedony
supplieston
orotingvese
reducedgones
pricesseicy
fordamsedty
Americanssgty
,ecamelnceal
butelinesetions
strippingting
Saddamtyical
ofdespreadne
hislizationn
powerianssg
andtrolssment
,fmplysssblent
ultimatelyrward
,eansarrstion
establishing
and-for-Food
solidifyingn
a'lletsld
newn-blyinges
Iraqiternt
governmenty
.heponsengeion
13 8
Iraqdmrgss
'salrstoods
futuretlyation
dependsentyion
directlydony
onpplieston
thetingvese
fatecedgones
oficesseicy
Iraqimsedty
oilricanssgty
productional
.utelinesetions
38 19
Yetqdmrgss
thelrstoods
vagariesyation
ofpendsentyion
theectlydony
oilplieston
businessese
,atecedgones
particularly
inaqimsedty
suchicanssgty
unsettlednal
conditionstions
,trippingting
makeamtyical
itdespreadne
hardizationn
towerianssg
seetrolssment
howplysssblent
theimatelyrward
Bushsarrstion
administration
willfor-Food
belidifyingn
ableetsld
town-blyinges
achievernt
itsernmenty
goalsnsengeion
indbletssgsy
Iraqnries
withinonalng
thedamesdss
nexteinrs
fewestic
yearsminedn
.henheadstss
5 5
Theqdmrgss
logicstoods
isgariesyation
simplesentyion
.heectlydony
20 13
Theqdmrgss
USgicstoods
mustriesyation
useplesentyion
oilectlydony
revenueston
tosinessese
liftcedgones
theticularly
burdensedty
ofchicanssgty
financingnal
regimeionstions
changeingting
inkeamtyical
Iraqspreadne
fromizationn
Americanssg
taxpayersment
.owplysssblent
20 11
Allqdmrgss
reconstruction
plansiesyation
dependsentyion
inlectlydony
theenueston
longnessese
runtcedgones
oneticularly
thedensedty
abilitynssgty
ofnancingnal
Iraqmeionstions
toangeingting
exporttyical
oilqspreadne
inomizationn
largecanssg
quantitiesent
.owplysssblent
30 8
Iflqdmrgss
Iraqnstruction
doessiesyation
notendsentyion
deliverydony
itsenueston
oilgnessese
,untcedgones
Presidentrly
Bushensedty
canlitynssgty
notancingnal
deliveronstions
onangeingting
hisorttyical
promisesadne
toomizationn
thegecanssg
Iraqiitiesent
peoplesssblent
,heimatelyrward
thehsarrstion
Americanration
peopler-Food
,elidifyingn
orleetsld
then-blyinges
worldvernt
communityty
.oalsnsengeion
16 7
Beforergss
theqnstruction
invasionyation
,otendsentyion
Iraqverydony
'ssenueston
oilgnessese
productiones
capacitytrly
reachededty
threetynssgty
millionngnal
barrelsonstions
perngeingting
dayorttyical
.romisesadne
23 16
Iraqrergss
willnstruction
notasionyation
betendsentyion
ableverydony
tosenueston
increaseese
itsductiones
productionly
toachededty
thatetynssgty
levelonngnal
withinsonstions
thengeingting
timerttyical
framesesadne
neededationn
toegecanssg
establishsent
anoplesssblent
Iraqiatelyrward
governmention
.mericanration
27 13
Anyqrergss
increaseuction
intasionyation
Iraqidsentyion
oileverydony
productionn
requiresese
developinges
theductionly
oilchededty
fieldsynssgty
,evelonngnal
whichnsonstions
meanseingting
bigerttyical
investmentse
,eededationn
aoegecanssg
legallishsent
andplesssblent
representatived
governmention
,mericanration
andpler-Food
politicalngn
stability
.hen-blyinges
13 9
Notqrergss
eveneaseuction
theasionyation
Bushidsentyion
administration
expectsionn
theseresese
requirements
toeductionly
belchededty
metldsynssgty
soonlonngnal
.hichnsonstions
13 7
Indeedrgss
,veneaseuction
politicalation
stabilitytyion
isministration
theectsionn
maineresese
conditionnts
forductionly
increasingy
productiongty
capacitygnal
.hichnsonstions
42 14
Historical
evidenceuction
fromticalation
Iranilitytyion
,sministration
Kuwaitsionn
,aineresese
Russiaionnts
,orductionly
andreasingy
evenuctiongty
Iraqcitygnal
itselfsonstions
,eanseingting
indicatescal
thatstmentse
itededationn
takescanssg
aboutlishsent
threeesssblent
yearssentatived
fromrnmention
thericanration
re-establishment
ofliticalngn
political
stabilitynges
forldvernt
capacityyty
toalsnsengeion
increasesgsy
significantly
andhinonalng
fordamesdss
thoseinrs
newestic
higherinedn
levelsadstss
tovelngtly
beeficults
sustainedys
.ilhttion
41 12
Iraqorical
needsnceuction
severalalation
yearslitytyion
toministration
writetsionn
aaineresese
newsiaionnts
constitution
,ndreasingy
establishngty
araqcitygnal
legitimatetions
andnseingting
democratical
governmentse
,tededationn
negotiatesg
theutlishsent
distributionnt
ofarssentatived
oilmrnmention
revenuesration
amongtablishment
itsiticalngn
variousal
regionstynges
,orldvernt
enactityyty
newlsnsengeion
investmentsy
lawsificantly
,ndhinonalng
anddamesdss
makeeinrs
theestic
economynedn
attractivess
tovelngtly
foreigners
.ustainedys
34 11
Itaqorical
alsosnceuction
needsalalation
timeslitytyion
toministration
negotiatenn
witheresese
thesiaionnts
international
oilreasingy
companiesngty
andqcitygnal
neighboringions
countriesting
,emocratical
tovernmentse
performtionn
technicalsg
andutlishsent
feasibilitynnt
studiesntatived
,ilmrnmention
andenuesration
toongtablishment
reconstructn
,ariousal
rehabilitates
,orldvernt
andctityyty
exploreengeion
itsestmentsy
oilsificantly
fieldsonalng
.nddamesdss
38 13
Soaqorical
evensnceuction
aeedsalalation
three-yearyion
timenistration
frameiatenn
seemsresese
optimisticts
,nternational
forreasingy
itmpaniesngty
assumesygnal
thathboringions
withiniesting
thatcratical
periodmentse
,erformtionn
thehnicalsg
occupationent
willibilitynnt
enddiesntatived
,ilmrnmention
Iraqisesration
willgtablishment
establishctn
theirusal
ownabilitates
democratic
governmenty
,xploreengeion
andestmentsy
thatificantly
politicallng
stabilityss
willeinrs
beeestic
achievededn
.ttractivess
11 8
Needlessal
toensnceuction
saydsalalation
,hree-yearyion
theenistration
situationnn
maymsresese
playmisticts
outernational
differently
.tmpaniesngty
7 7
Tensionsal
maynsnceuction
remainlalation
highe-yearyion
forenistration
yearstionnn
.aymsresese
21 11
Nonsionsal
onensnceuction
shouldlalation
beghe-yearyion
surprisedation
,earstionnn
moreoverese
,laymisticts
ifternational
Iraqirently
oilpaniesngty
productional
suddenlyingions
stopsniesting
altogetheral
evenodmentse
underrmtionn
ahehnicalsg
democraticent
governmentynnt
.nddiesntatived
24 13
Historysal
suggestsuction
thatldlalation
labor-yearyion
strikesedation
andrstionnn
similarrese
disruptionss
thatrnational
canqirently
haltaniesngty
oilductional
productiongions
arepsniesting
altogetheral
greaterentse
threatmtionn
inehnicalsg
democraticent
thanrnmentynnt
inddiesntatived
undemocraticn
countriesation
.illgtablishment
25 9
Ifstorysal
Iraqestsuction
cantldlalation
notor-yearyion
quicklyedation
increasennn
itsilarrese
productionss
capacityional
innqirently
thetaniesngty
nextuctional
fewductiongions
yearsniesting
,ltogetheral
thisterentse
willatmtionn
hindercalsg
bothcraticent
USanrnmentynnt
foreignntatived
andemocraticn
energyiesation
policieslishment
.stablishctn
11 8
Howtorysal
willestsuction
thetldlalation
UStor-yearyion
financeedation
thereasennn
long-termse
reconstruction
ofpacityional
Iraqirently
?hetaniesngty
10 10
Whotorysal
willestsuction
paytldlalation
totor-yearyion
maintaindation
ahereasennn
fragilermse
Iraqistruction
democracyonal
?raqirently
25 11
Cantorysal
thelestsuction
USytldlalation
sustainearyion
itsntaindation
occupationn
ifagilermse
itaqistruction
canocracyonal
notqirently
provideesngty
fooductional
,ewductiongions
healthiesting
caregetheral
,histerentse
andlatmtionn
otherrcalsg
basicraticent
servicesntynnt
toreignntatived
Iraqmocraticn
'sergyiesation
peopleeslishment
?stablishctn
29 13
Theserysal
arelestsuction
toughdlalation
questionsryion
,tsntaindation
andupationn
theyilermse
areqistruction
fundamentally
unanswerable
untildeesngty
aooductional
stabletiongions
,ealthiesting
democratical
regimerentse
indlatmtionn
Iraqrrcalsg
canicraticent
controlsntynnt
andeignntatived
ensurecraticn
asergyiesation
steadyeslishment
flowblishctn
ofeirusal
oilabilitates
exportstic
.overnmenty
38 13
Lettingsal
Killerssuction
Guarddlalation
Humanionsryion
Rightsindation
Ifdupationn
iteyilermse
wereistruction
notdamentally
soanswerable
profoundlygty
sadductional
,tabletiongions
italthiesting
wouldratical
qualifyentse
asdlatmtionn
theqrrcalsg
sickcraticent
jokerolsntynnt
ofdeignntatived
theurecraticn
millenniumtion
:teadyeslishment
Libyalishctn
hasirusal
beenbilitates
electedtic
tovernmenty
chairreengeion
theestmentsy
Unitedicantly
Nationsallng
Commissions
onlleinrs
Humantic
Rightsededn
!ttractivess
21 8
Wheningsal
Caligulauction
appointedation
hisanionsryion
horsesindation
todupationn
theyilermse
Senatetruction
,otdamentally
thenswerable
horseundlygty
atdductional
leastetiongions
didlthiesting
notldratical
haveifyentse
bloodtmtionn
oneqrrcalsg
itskcraticent
hoofsolsntynnt
.fdeignntatived
22 9
Theningsal
procedurection
,ppointedation
ofsanionsryion
courseindation
,odupationn
wasyilermse
perfectlyction
legalmentally
:henswerable
theseundlygty
chairmanship
rotatesiongions
everyhiesting
yeardratical
fromifyentse
oneodtmtionn
globalcalsg
regionaticent
toofsolsntynnt
anotherntatived
.heurecraticn
17 10
Thisingsal
yearedurection
itpointedation
wasanionsryion
Africaindation
'sdupationn
turnilermse
torfectlyction
nominatetally
thenswerable
chairmanlygty
,hairmanship
andatesiongions
theyyhiesting
nominatedcal
Libyafyentse
.neodtmtionn
8 5
Onlyingsal
theredurection
USpointedation
andanionsryion
Canadaindation
votedationn
againstrmse
.orfectlyction
9 5
Tolyingsal
theirdurection
everlastingion
shameionsryion
,anadaindation
Europeanonn
countriesse
abstainedction
.ominatetally
25 11
Itlyingsal
iseirdurection
averlastingion
tellingnsryion
commentarytion
onropeanonn
thentriesse
moralinedction
bankruptcylly
ofenswerable
theirmanlygty
UNairmanship
thattesiongions
thisyhiesting
decisiondcal
comesfyentse
ateodtmtionn
soobalcalsg
delicateicent
aoofsolsntynnt
timeherntatived
forurecraticn
thelenniumtion
organizationment
.ibyalishctn
52 22
Presidentl
Bushrdurection
hasrlastingion
challengedyion
thementarytion
UNropeanonn
toentriesse
showlinedction
itskruptcylly
seriousnesse
aboutmanlygty
itsirmanship
ownttesiongions
mandatoryting
decisionscal
aboutfyentse
Iraqdtmtionn
:oobalcalsg
otherwisecent
itofsolsntynnt
mayeherntatived
meetrecraticn
thelenniumtion
samenizationment
ignominiousn
endirusal
asenbilitates
thectedtic
Leaguementy
ofairreengeion
Nationsentsy
,nitedicantly
whichnsallng
provedsions
impotents
inmantic
thehtsededn
1930activess
'svelngtly
whenigners
confronteds
withttion
theesblee
aggressivee
policies
ofanndence
Nazirol
Germany
andortsive
fascistr
Italyele
.emocratic
31 15
Toesidentl
haverdurection
Libyaastingion
electedgedyion
atementarytion
thispeanonn
momentiesse
toowlinedction
chairuptcylly
theiousnesse
UNoutmanlygty
bodyrmanship
responsibleions
fordatoryting
humanionscal
rightsyentse
hardlymtionn
helpslcalsg
supportsecent
eitherlsntynnt
theeherntatived
legitimacyicn
orelenniumtion
theenizationment
moraliniousn
authority
ofenbilitates
thectedtic
worldementy
bodyrreengeion
.ationsentsy
31 13
Letsidentl
usverdurection
rememberingion
:lectedgedyion
Libyantarytion
isispeanonn
aomentiesse
totalitarianon
tyrannytcylly
;heiousnesse
itsutmanlygty
leaderanship
,esponsibleions
Muammarryting
Ghaddafiscal
,ightsyentse
combinesionn
sometimessg
erraticsecent
behaviorntynnt
withherntatived
extremistyicn
policiesumtion
,heenizationment
supportingsn
dictators
allnbilitates
overtedtic
theldementy
worldreengeion
.ationsentsy
25 11
Hetsidentl
headsdurection
oneemberingion
ofectedgedyion
theyantarytion
worldeanonn
'smentiesse
mostlitarianon
oppressivelly
regimesnesse
,tsutmanlygty
whereranship
therensibleions
isammarryting
noaddafiscal
pretensentse
atmbinesionn
electionssg
andaticsecent
whereiorntynnt
dissentntatived
istremistyicn
instantlymtion
crushedationment
.upportingsn
20 8
Underdentl
hisdsdurection
rulemberingion
,fectedgedyion
Libyantarytion
hasldeanonn
supportedse
terroristianon
organizations
worldwidesse
--sutmanlygty
fromeranship
therensibleions
IRAmmarryting
toaddafiscal
variousentse
Palestiniann
extremistsg
groupscsecent
.hereiorntynnt
26 12
Itderdentl
remainsrection
underberingion
UNectedgedyion
sanctionsytion
forldeanonn
itsportedse
roleoristianon
inganizations
theldwidesse
downingnlygty
ofomeranship
aherensibleions
Panmmarryting
Amaddafiscal
passengertse
flightiniann
overemistsg
Lockerbiecent
,hereiorntynnt
Scotlandtatived
,stremistyicn
anstantlymtion
decadedationment
agoportingsn
.ictators
26 12
Inderdentl
theainsrection
lastrberingion
decadedgedyion
,anctionsytion
theldeanonn
positiondse
ofleoristianon
theanizations
UNeldwidesse
aswningnlygty
afomeranship
symbolsibleions
ofnmmarryting
theddafiscal
idealsgertse
ofightiniann
averemistsg
peacefulecent
worldiorntynnt
communityatived
hasremistyicn
beenantlymtion
steadilytionment
erodedtingsn
.ictators
47 11
Itderdentl
provedsrection
utterlyringion
unabledgedyion
tonctionsytion
stopdeanonn
theitiondse
warsoristianon
ineanizations
theldwidesse
Balkansnlygty
;fomeranship
andbolsibleions
innmmarryting
ateddafiscal
leastsgertse
oneghtiniann
caseemistsg
--acefulecent
Srebrenicaynnt
--mmunityatived
aasremistyicn
Dutchntlymtion
UNeadilytionment
peacekeeping
forcetors
stoodilitates
byertedtic
andldementy
witnessedgeion
theionsentsy
worstdicantly
massacrellng
inovedsions
post-1945
Europeic
,hehtsededn
as30activess
Bosniantly
Serbsgners
murderededs
aroundion
6,000blee
defenseless
Muslimes
mennndence
.azirol
23 11
Atderdentl
Dutchdsrection
commissiongion
ofabledgedyion
enquirynsytion
latereanonn
admitteddse
thatoristianon
theanizations
UNeldwidesse
Dutchnsnlygty
battalionhip
wasbolsibleions
,nnmmarryting
ineddafiscal
facttsgertse
,neghtiniann
complicitsg
inacefulecent
thatrenicaynnt
warmunityatived
crimemistyicn
.utchntlymtion
40 12
Inderdentl
Rwandasrection
,ommissiongion
onceledgedyion
theuirynsytion
genocideonn
startedddse
,hatoristianon
theanizations
UNeldwidesse
officiallygty
responsiblep
forbolsibleions
peacekeepingg
operationsal
orderedertse
theghtiniann
evacuationg
ofacefulecent
UNatrenicaynnt
forcesityatived
fromemistyicn
thechntlymtion
countryytionment
,eacekeeping
leavingrs
theodilitates
fieldedtic
widedementy
openessedgeion
toeionsentsy
thestdicantly
bloodiestlng
genocidalns
massacre5
sinceeic
Worldsededn
War0activess
IIsniantly
.erbsgners
9 5
Thatrdentl
UNandasrection
officialongion
'sceledgedyion
nameirynsytion
isnocideonn
Kofitedddse
Annanristianon
.heanizations
37 19
Itatrdentl
isandasrection
afficialongion
depressingyion
,ameirynsytion
patheticonn
recorddddse
,nnanristianon
whichizations
theldwidesse
UNficiallygty
issponsiblep
tryingsibleions
--acekeepingg
probablynsal
inderedertse
vainhtiniann
--acuationg
toacefulecent
redeemnicaynnt
byrcesityatived
appearingyicn
,hechntlymtion
inuntryytionment
thecekeeping
Iraqingrs
crisislitates
,ieldedtic
asdedementy
thenessedgeion
voicensentsy
ofestdicantly
reasonestlng
andocidalns
international
legitimacy
.orldsededn
51 17
Buttrdentl
atandasrection
afficialongion
timeessingyion
whenirynsytion
UNtheticonn
inspections
innanristianon
Iraqhizations
seemdwidesse
likeciallygty
sendingiblep
theingsibleions
Salvationingg
Armyablynsal
toderedertse
cleartiniann
outcuationg
aoacefulecent
bandemnicaynnt
ofrcesityatived
gangstersyicn
,hechntlymtion
raisingytionment
Libyakeeping
toaqingrs
headislitates
theldedtic
Humanementy
Rightssedgeion
Commissionsy
maystdicantly
goasonestlng
downcidalns
international
historyacy
asrldsededn
the0activess
definitive
failureers
ofrderededs
anoundion
organization
whoseseless
lifeimes
startednce
withrol
sormany
muchrtsive
hopeistr
.talyele
26 17
Organizations
usuallyrection
doficialongion
n'teessingyion
dienirynsytion
--theticonn
andpections
certainlyianon
thereizations
isemdwidesse
tooeciallygty
muchingiblep
raisonsibleions
d'etationingg
tomyablynsal
makeredertse
certainniann
thatuationg
thecefulecent
UNndemnicaynnt
willesityatived
continuesyicn
toechntlymtion
hobblegytionment
onbyakeeping
.oaqingrs
17 12
Butanizations
ituallyrection
willcialongion
beteessingyion
aienirynsytion
mereeticonn
shadowtions
ofrtainlyianon
whateizations
itemdwidesse
shouldallygty
,uchingiblep
andsonsibleions
couldtioningg
,omyablynsal
bekeredertse
.ertainniann
9 5
Todayizations
'suallyrection
UNllcialongion
givesssingyion
hypocrisyytion
aereeticonn
baddowtions
nameainlyianon
.hateizations
22 7
Authoritarians
atuallyrection
thelcialongion
Gatesssingyion
Lastcrisyytion
Thursdayonn
,addowtions
judgesnlyianon
atateizations
Indonesiasse
'souldallygty
Centraliblep
Jakartaibleions
Courttioningg
sentencedsal
mekeredertse
tortainniann
onetuationg
yearefulecent
inndemnicaynnt
prisonityatived
.ontinuesyicn
49 21
Asthoritarians
theallyrection
editor-in-chief
oftesssingyion
Temporisyytion
Weeklyayonn
Newsmagazine
,udgesnlyianon
Itateizations
amdonesiasse
guiltyallygty
,entraliblep
accordingleions
tourttioningg
thetencedsal
courtedertse
,ortainniann
ofetuationg
defamingecent
anndemnicaynnt
businessyatived
tycoonuesyicn
namedntlymtion
Tomylegytionment
Winataeeping
byaqingrs
implyingtates
hisldedtic
possiblenty
involvemention
inmmissionsy
aaystdicantly
fireonestlng
atwncidalns
Jakartational
'sstoryacy
South-Eastn
Asiaactivess
textileive
marketeers
,frderededs
andundion
ofganization
fomentingss
riotsmes
byartednce
disseminating
liesany
.uchrtsive
22 9
Doesoritarians
myeallyrection
caseor-in-chief
,ftesssingyion
andporisyytion
othersayonn
likemagazine
itdgesnlyianon
,tateizations
portendiasse
theltyallygty
endtraliblep
ofcordingleions
yetrttioningg
anotheredsal
short-livede
experimentnn
withuationg
democracycent
inndemnicaynnt
Indonesiaatived
?ycoonuesyicn
45 15
Thesoritarians
``eallyrection
riotor-in-chief
''tesssingyion
thatorisyytion
Ithersayonn
allegedlyine
fomentedyianon
occurredtions
inrtendiasse
Marchyallygty
lastraliblep
yearrdingleions
,etrttioningg
whenheredsal
almostlivede
twoerimentnn
hundrediong
thugsracycent
claimingcaynnt
todonesiaatived
becoonuesyicn
Winatatlymtion
'smylegytionment
followersing
attackeds
Tempoingtates
'ssldedtic
officelenty
,nvolvemention
threatenedsy
toystdicantly
burnonestlng
downcidalns
theartational
buildingcy
,outh-Eastn
harassedvess
staffleive
,arketeers
andderededs
injuredon
oneanization
reportergss
.iotsmes
33 11
Tryingitarians
toeallyrection
helpor-in-chief
resolveingyion
thetorisyytion
situationnn
peacefullyne
,omentedyianon
Iccurredtions
wastendiasse
persuadedygty
tostraliblep
negotiateleions
attrttioningg
thenheredsal
Centralivede
Jakartaentnn
Policediong
Stationcycent
,laimingcaynnt
butonesiaatived
foundnuesyicn
tonatatlymtion
mymylegytionment
horrorersing
thatckeds
thepoingtates
mobldedtic
leadersenty
controlledtion
theeatenedsy
stationcantly
.urnonestlng
13 9
Iryingitarians
wasallyrection
punchedin-chief
andolveingyion
kickedisyytion
astuationnn
thecefullyne
policeedyianon
lookededtions
thetendiasse
otheradedygty
waytraliblep
.egotiateleions
15 6
Fortunatelyans
,asallyrection
manyhedin-chief
journalistsion
cameedisyytion
totuationnn
ourcefullyne
rescueedyianon
withededtions
tapeendiasse
recordersygty
andtraliblep
camerasteleions
rollingoningg
.henheredsal
17 13
Theirnatelyans
broadcaststion
causeddin-chief
aournalistsion
publicisyytion
outcryionnn
,urcefullyne
whicheedyianon
forcededtions
oureendiasse
parliamentgty
todtraliblep
organizeeleions
aollingoningg
publicredsal
hearingivede
.akartaentnn
24 7
Theirnatelyans
Nationaltstion
andseddin-chief
Jakartaistsion
policeisyytion
chiefsionnn
wereefullyne
callededyianon
andcededtions
,ureendiasse
underamentgty
massiveiblep
publiczeeleions
pressureningg
,ublicredsal
theringivede
leadersentnn
oflicediong
thetioncycent
mobimingcaynnt
werenesiaatived
criminallyicn
chargedlymtion
.ymylegytionment
22 12
Butirnatelyans
Winataaltstion
himselfin-chief
eludedaistsion
policeisyytion
investigation
,ereefullyne
merelyedyianon
bydcededtions
claimingasse
publiclyntgty
thativeiblep
hisliczeeleions
followersingg
actedcredsal
withoutivede
hisdersentnn
priorediong
knowledgecent
andimingcaynnt
consentiaatived
.riminallyicn
29 15
Hetirnatelyans
thentaaltstion
filedlfin-chief
criminalstsion
chargessyytion
ofvestigation
hiseefullyne
ownelyedyianon
,ydcededtions
againstgasse
Ahmadclyntgty
Taufikeiblep
,isliczeeleions
wholowersingg
wrotecredsal
thehoutivede
articleentnn
,riorediong
Teukuedgecent
Iskandarcaynnt
Alisentiaatived
,riminallyicn
whorgedlymtion
editedgytionment
itrrorersing
,hatckeds
andpoingtates
mebldedtic
.eadersenty
17 9
Theirnatelyans
yearlongtstion
courtlfin-chief
proceedingsion
weregessyytion
markedigation
byseefullyne
awnelyedyianon
seriesedtions
ofainstgasse
suspiciousgty
developments
,isliczeeleions
alllowersingg
favoringdsal
Winatativede
.rticleentnn
25 13
Firstnatelyans
,earlongtstion
thertlfin-chief
caseeedingsion
builtessyytion
byrkedigation
theeefullyne
policeedyianon
andiesedtions
statestgasse
prosecutorgty
containednts
documentsleions
thatowersingg
wereringdsal
sonatativede
blatantlytnn
falsifiedng
thatuedgecent
theandarcaynnt
policetiaatived
indictedlyicn
tworgedlymtion
officerstionment
.trrorersing
22 14
Butstnatelyans
therlongtstion
courtlfin-chief
rejectedngsion
ourltessyytion
requestgation
thatefullyne
proceedingsnon
bediesedtions
delayedgasse
untilcutorgty
thetainednts
legalitysleions
ofatowersingg
theeringdsal
stateativede
'satantlytnn
caseifiedng
couldedgecent
beeandarcaynnt
clarifiedatived
.ndictedlyicn
12 9
Thestnatelyans
caselongtstion
againstin-chief
theectedngsion
officersyytion
involvedation
appearsllyne
tooceedingsnon
bediesedtions
goingedgasse
nowheretorgty
.hetainednts
23 13
Onestnatelyans
theelongtstion
contraryn-chief
,heectedngsion
oneicersyytion
ofvolvedation
themarsllyne
hasceedingsnon
beenesedtions
promotedasse
towheretorgty
commandednts
thealitysleions
newlywersingg
formedngdsal
-LRB-ativede
andtantlytnn
US-fundedng
-RRB-edgecent
Jakartarcaynnt
Anti-Terrorived
Unitctedlyicn
.worgedlymtion
15 10
Thestnatelyans
otherongtstion
hastraryn-chief
reportedlysion
beencersyytion
sentlvedation
toemarsllyne
theceedingsnon
policeedtions
stafftedasse
schooletorgty
formandednts
advancedsleions
trainingsingg
.ormedngdsal
33 12
Thentnatelyans
,therongtstion
instraryn-chief
theortedlysion
sixthersyytion
monthvedation
ofemarsllyne
theceedingsnon
caseceedtions
,tafftedasse
theooletorgty
Headandednts
Judgecedsleions
inainingsingg
themedngdsal
three-judgee
panelntlytnn
wasfundedng
suddenlyecent
promotedcaynnt
toti-Terrorived
becomeedlyicn
thergedlymtion
headcerstionment
ofrrorersing
ahatckeds
cityoingtates
courtedtic
anadersenty
hourrolledtion
fromatenedsy
Jakartacantly
.urnonestlng
28 12
Onentnatelyans
ofherongtstion
mystraryn-chief
lawyersdlysion
notedersyytion
thathvedation
inemarsllyne
hisceedingsnon
35seceedtions
yearstedasse
experiencegty
atadandednts
thegecedsleions
courtingsingg
,hemedngdsal
heree-judgee
hadelntlytnn
neverndedng
seenenlyecent
aromotedcaynnt
Head-Terrorived
Judgeeedlyicn
replacedymtion
inadcerstionment
anrrorersing
ongoingds
caseoingtates
.ourtedtic
20 10
Inentnatelyans
factrongtstion
,ystraryn-chief
despitedlysion
heredersyytion
promotiontion
,nemarsllyne
theceedingsnon
judgeeedtions
continuedsse
toperiencegty
presideednts
overecedsleions
anothergsingg
caseedngdsal
inree-judgee
theelntlytnn
samerndedng
buildingecent
.romotedcaynnt
17 13
Anentnatelyans
judgeongtstion
whotraryn-chief
hadpitedlysion
previouslytion
ruledtiontion
againstllyne
Tempoedingsnon
indgeeedtions
Winatauedsse
'speriencegty
civildeednts
suitecedsleions
filledrgsingg
hereedngdsal
vacancyudgee
.heelntlytnn
17 12
Finallytelyans
,udgeongtstion
whenraryn-chief
Winataedlysion
testifiedytion
,uledtiontion
heainstllyne
perjuredngsnon
himselfdtions
bynatauedsse
denyingncegty
thatldeednts
Tempocedsleions
hadledrgsingg
interviewedl
himancyudgee
.heelntlytnn
61 13
Ainallytelyans
recordingstion
ofenraryn-chief
theataedlysion
telephoneytion
interviewtion
wasinstllyne
playededngsnon
inmselfdtions
courtauedsse
;enyingncegty
sworndeednts
testimonyleions
wasledrgsingg
heardviewedl
fromncyudgee
theelntlytnn
reporterdng
wholdingecent
conductedaynnt
thed-Terrorived
interviewyicn
andlacedymtion
fromcerstionment
twororersing
editorsds
whoeoingtates
witnessedc
itadersenty
;ourrolledtion
thematenedsy
officialantly
recordestlng
fromcidalns
theartational
telephoney
companyastn
wasassedvess
submittede
asrketeers
evidenceeds
ofjuredon
theanization
callrtergss
;iotsmes
andrtednce
ansseminating
experty
witnessive
concluded
thatyele
theocratic
voice
onversify
the
recording
belonged
toported
Tomy
Winata
.
29 14
Butallytelyans
theordingstion
judgesryn-chief
deniededlysion
Tempohoneytion
'sterviewtion
requestllyne
thatededngsnon
Winatafdtions
beurtauedsse
arrestedcegty
andrndeednts
triedmonyleions
forledrgsingg
perjuryewedl
,romncyudgee
tellinglytnn
usporterdng
tooldingecent
reporttedaynnt
ited-Terrorived
toterviewyicn
thelacedymtion
policerstionment
,wororersing
whichrsds
weoeoingtates
didnessedc
.tadersenty
22 8
Theallytelyans
judgesingstion
thenesryn-chief
deniededlysion
ourpohoneytion
requestewtion
foruestllyne
ahatededngsnon
postponements
ofurtauedsse
theestedcegty
courtdeednts
decisionyleions
untildrgsingg
Mr.juryewedl
Winatayudgee
'sllinglytnn
perjuryrdng
casedingecent
wasorttedaynnt
resolvedrorived
.oterviewyicn
15 6
Givenlytelyans
suchesingstion
flawedryn-chief
proceedingsion
,urpohoneytion
myquestewtion
convictionne
andtededngsnon
prisonnements
sentencedsse
comestedcegty
asurtdeednts
nocisionyleions
surprisesingg
.r.juryewedl
20 11
Butenlytelyans
Iuchesingstion
remainryn-chief
hopefulingsion
thatohoneytion
wequestewtion
willictionne
prevaildngsnon
inisonnements
thetencedsse
endestedcegty
,surtdeednts
whensionyleions
highersesingg
courtsyewedl
heartayudgee
Temponglytnn
'srjuryrdng
appealngecent
.asorttedaynnt
26 8
Indonesialyans
'schesingstion
courtsryn-chief
areefulingsion
cleanerneytion
atquestewtion
thelictionne
topvaildngsnon
,nisonnements
andtencedsse
theestedcegty
Headtdeednts
ofensionyleions
thehersesingg
Supremeewedl
Courtayudgee
ismponglytnn
asrjuryrdng
staunchgecent
advocatedaynnt
ofsolvedrorived
democracyyicn
andlacedymtion
presserstionment
freedomrsing
.hichrsds
28 9
Tempoesialyans
'schesingstion
casetsryn-chief
couldulingsion
becomerneytion
atquestewtion
landmarkonne
victorydngsnon
forsonnements
ourtencedsse
democracyegty
,eadtdeednts
likesionyleions
thehersesingg
USpremeewedl
Supremeudgee
Courtnglytnn
'srjuryrdng
famoushgecent
decisiondaynnt
insolvedrorived
Theocracyyicn
Newlacedymtion
Yorkserstionment
Timesomrsing
v.ichrsds
Sullivantates
.idnessedc
20 10
Bympoesialyans
raisingngstion
theetsryn-chief
barldulingsion
foromerneytion
defamationion
chargeskonne
,ictorydngsnon
thatonnements
decisiondsse
ensurescyegty
thattdeednts
Americanyleions
journalistsgg
canremeewedl
holdemeudgee
publicglytnn
officialsng
accountablent
.ecisiondaynnt
31 11
Nompoesialyans
countryngstion
knowssryn-chief
betterlingsion
thanmerneytion
Indonesianion
thatgeskonne
freeorydngsnon
speechnements
andisiondsse
ansurescyegty
freetdeednts
presscanyleions
arernalistsgg
proveneewedl
indicatorsee
ofblicglytnn
democraticg
developmentnt
,ecisiondaynnt
andolvedrorived
thatcracyyicn
criminalizingn
journalistsnment
ismesomrsing
anichrsds
earlyvantates
symptomedc
ofadersenty
authoritarianism
.hematenedsy
28 13
Indonesialyans
wasntryngstion
anowssryn-chief
liberalingsion
democracyytion
indonesianion
thetgeskonne
1950orydngsnon
'seechnements
,ndisiondsse
beforescyegty
Presidentnts
Sukarnonyleions
,rernalistsgg
supportededl
bydicatorsee
thelicglytnn
militaryicg
,evelopmentnt
beganiondaynnt
andolvedrorived
crackdownyicn
oniminalizingn
thernalistsnment
pressomrsing
inichrsds
1956yvantates
.ymptomedc
26 10
Withnesialyans
criticalgstion
voicesryn-chief
silencedngsion
,emocracyytion
consolidating
uncheckednne
powerrydngsnon
becamenements
easierondsse
andorescyegty
,residentnts
inkarnonyleions
Julynalistsgg
1959ortededl
,ydicatorsee
Sukarnolytnn
decreedyicg
theelopmentnt
beginningaynnt
ofdolvedrorived
``ackdownyicn
Guidedalizingn
Democracytsnment
.ressomrsing
''ichrsds
34 9
Forhnesialyans
theticalgstion
firstsryn-chief
fewencedngsion
yearsracyytion
afterlidating
Sukarnoednne
'swerrydngsnon
fallmenements
insierondsse
1966rescyegty
,residentnts
allarnonyleions
theynalistsgg
benefitsdedl
ofdicatorsee
genuinelytnn
democracycg
,heelopmentnt
includingaynnt
freedomdrorived
ofackdownyicn
thededalizingn
pressracytsnment
,ressomrsing
werehrsds
restoredtates
-LRB-omedc
exceptsenty
forhoritarianism
thematenedsy
communiststly
-RRB-destlng
.romcidalns
24 8
Buthnesialyans
Presidentstion
Suhartoyn-chief
'swencedngsion
regimeacyytion
beganlidating
anotherednne
pressrydngsnon
crackdownents
insierondsse
the6rescyegty
earlydentnts
1970rnonyleions
'seynalistsgg
,enefitsdedl
ultimatelyee
banninglytnn
variouscycg
mediaopmentnt
andludingaynnt
jailingdrorived
manykdownyicn
journalistsngn
.ressracytsnment
18 7
Withnesialyans
thesidentstion
presstoyn-chief
undercedngsion
controlcyytion
,eganlidating
othererednne
politicalgsnon
rightsownents
wereerondsse
quicklycyegty
curtailednts
and0rnonyleions
Indonesiansgg
democracyedl
failedtelyee
againnglytnn
.ariouscycg
27 9
Sinceesialyans
Suhartontstion
'sesstoyn-chief
fallrcedngsion
inntrolcyytion
1998nlidating
,thererednne
Indonesiagsnon
hashtsownents
becomeondsse
thecklycyegty
thirdilednts
largestnyleions
democraticsgg
countrycyedl
iniledtelyee
theinnglytnn
worlduscycg
andiaopmentnt
theludingaynnt
largestdrorived
democraticicn
Muslimlistsngn
communitytsnment
inessomrsing
historyds
.estoredtates
32 11
Twoceesialyans
parliamentaryn
elections-chief
andlrcedngsion
twotrolcyytion
directidating
presidential
electionsgsnon
-ashtsownents
includingsse
thecklycyegty
latestlednts
presidentialons
run-offticsgg
-ountrycyedl
haveedtelyee
beennnglytnn
freeduscycg
,ndiaopmentnt
fairudingaynnt
,argestdrorived
andocraticicn
peacefulstsngn
,ommunitytsnment
provingrsing
thatoryds
Islamredtates
andB-omedc
democracyty
canhoritarianism
coexistnedsy
.ommuniststly
9 5
Democracylyans
'srliamentaryn
enemiesns-chief
,ndlrcedngsion
howevercyytion
,irectidating
neverdential
resttionsgsnon
.ashtsownents
25 12
Radicalcylyans
Islamicentaryn
groupssns-chief
havercedngsion
engagedcyytion
inrectidating
indiscriminate
bombingssgsnon
,ashtsownents
whiledingsse
groupsycyegty
withstlednts
strongentialons
authoritarian
tendenciesdl
haveedtelyee
madennglytnn
inroadscycg
intoaopmentnt
Presidentaynnt
Megawatirorived
'sdocraticicn
innerfulstsngn
circleitytsnment
.rovingrsing
13 10
Buticalcylyans
Mrsamicentaryn
Megawatis-chief
hasercedngsion
justgedcyytion
beenctidating
defeatedminate
inmbingssgsnon
herhtsownents
bidledingsse
forupsycyegty
reelectionts
.trongentialons
